2022/11/05 06:46:44 [error] [system.db.CDbCommand] CDbCommand::fetchAll() failed: SQLSTATE[42S02]: Base table or view not found: 1146 Table 'hsyiilnm.merchant_intention' doesn't exist. The SQL statement executed was: SHOW FULL COLUMNS FROM `merchant_intention`.
2022/11/05 06:46:44 [error] [exception.CDbException] exception 'CDbException' with message '数据库中无法找到 active record class "MerchantIntention" 对应的 table "{{merchant_intention}}".' in D:\wamp64\wamp64\www\hsyiilnm\framework\db\ar\CActiveRecord.php:2390
Stack trace:
#0 D:\wamp64\wamp64\www\hsyiilnm\framework\db\ar\CActiveRecord.php(413): CActiveRecordMetaData->__construct(Object(MerchantIntention))
#1 D:\wamp64\wamp64\www\hsyiilnm\framework\db\ar\CActiveRecord.php(663): CActiveRecord->getMetaData()
#2 D:\wamp64\wamp64\www\hsyiilnm\framework\db\ar\CActiveRecord.php(1609): CActiveRecord->getTableSchema()
#3 D:\wamp64\wamp64\www\hsyiilnm\admin\components\BaseController.php(62): CActiveRecord->count(Object(CDbCriteria))
#4 D:\wamp64\wamp64\www\hsyiilnm\admin\controllers\MerchantIntentionController.php(80): BaseController->_list(Object(MerchantIntention), Object(CDbCriteria), 'index', Array)
#5 [internal function]: MerchantIntentionController->actionIndex('')
#6 D:\wamp64\wamp64\www\hsyiilnm\framework\web\actions\CAction.php(109): ReflectionMethod->invokeArgs(Object(MerchantIntentionController), Array)
#7 D:\wamp64\wamp64\www\hsyiilnm\framework\web\actions\CInlineAction.php(47): CAction->runWithParamsInternal(Object(MerchantIntentionController), Object(ReflectionMethod), Array)
#8 D:\wamp64\wamp64\www\hsyiilnm\framework\web\CController.php(308): CInlineAction->runWithParams(Array)
#9 D:\wamp64\wamp64\www\hsyiilnm\framework\web\CController.php(286): CController->runAction(Object(CInlineAction))
#10 D:\wamp64\wamp64\www\hsyiilnm\framework\web\CController.php(265): CController->runActionWithFilters(Object(CInlineAction), Array)
#11 D:\wamp64\wamp64\www\hsyiilnm\framework\web\CWebApplication.php(282): CController->run('index')
#12 D:\wamp64\wamp64\www\hsyiilnm\framework\web\CWebApplication.php(141): CWebApplication->runController('MerchantIntenti...')
#13 D:\wamp64\wamp64\www\hsyiilnm\framework\base\CApplication.php(185): CWebApplication->processRequest()
#14 D:\wamp64\wamp64\www\hsyiilnm\index.php(33): CApplication->run()
#15 {main}
REQUEST_URI=/hsyiilnm/index.php?r=MerchantIntention/index
HTTP_REFERER=http://127.0.0.1/hsyiilnm/
---
2022/11/05 06:46:45 [error] [system.db.CDbCommand] CDbCommand::fetchAll() failed: SQLSTATE[42S02]: Base table or view not found: 1146 Table 'hsyiilnm.merchant_intention' doesn't exist. The SQL statement executed was: SHOW FULL COLUMNS FROM `merchant_intention`.
2022/11/05 06:46:45 [error] [exception.CDbException] exception 'CDbException' with message '数据库中无法找到 active record class "MerchantIntention" 对应的 table "{{merchant_intention}}".' in D:\wamp64\wamp64\www\hsyiilnm\framework\db\ar\CActiveRecord.php:2390
Stack trace:
#0 D:\wamp64\wamp64\www\hsyiilnm\framework\db\ar\CActiveRecord.php(413): CActiveRecordMetaData->__construct(Object(MerchantIntention))
#1 D:\wamp64\wamp64\www\hsyiilnm\framework\db\ar\CActiveRecord.php(663): CActiveRecord->getMetaData()
#2 D:\wamp64\wamp64\www\hsyiilnm\framework\db\ar\CActiveRecord.php(1609): CActiveRecord->getTableSchema()
#3 D:\wamp64\wamp64\www\hsyiilnm\admin\components\BaseController.php(62): CActiveRecord->count(Object(CDbCriteria))
#4 D:\wamp64\wamp64\www\hsyiilnm\admin\controllers\MerchantIntentionController.php(80): BaseController->_list(Object(MerchantIntention), Object(CDbCriteria), 'index', Array)
#5 [internal function]: MerchantIntentionController->actionIndex('')
#6 D:\wamp64\wamp64\www\hsyiilnm\framework\web\actions\CAction.php(109): ReflectionMethod->invokeArgs(Object(MerchantIntentionController), Array)
#7 D:\wamp64\wamp64\www\hsyiilnm\framework\web\actions\CInlineAction.php(47): CAction->runWithParamsInternal(Object(MerchantIntentionController), Object(ReflectionMethod), Array)
#8 D:\wamp64\wamp64\www\hsyiilnm\framework\web\CController.php(308): CInlineAction->runWithParams(Array)
#9 D:\wamp64\wamp64\www\hsyiilnm\framework\web\CController.php(286): CController->runAction(Object(CInlineAction))
#10 D:\wamp64\wamp64\www\hsyiilnm\framework\web\CController.php(265): CController->runActionWithFilters(Object(CInlineAction), Array)
#11 D:\wamp64\wamp64\www\hsyiilnm\framework\web\CWebApplication.php(282): CController->run('index')
#12 D:\wamp64\wamp64\www\hsyiilnm\framework\web\CWebApplication.php(141): CWebApplication->runController('MerchantIntenti...')
#13 D:\wamp64\wamp64\www\hsyiilnm\framework\base\CApplication.php(185): CWebApplication->processRequest()
#14 D:\wamp64\wamp64\www\hsyiilnm\index.php(33): CApplication->run()
#15 {main}
REQUEST_URI=/hsyiilnm/index.php?r=MerchantIntention/index
HTTP_REFERER=http://127.0.0.1/hsyiilnm/
---
2022/11/05 06:49:38 [error] [php] Undefined variable: data (D:\wamp64\wamp64\www\hsyiilnm\admin\controllers\WxUserController.php:281)
Stack trace:
#0 D:\wamp64\wamp64\www\hsyiilnm\framework\web\actions\CInlineAction.php(47): CInlineAction->runWithParamsInternal()
#1 D:\wamp64\wamp64\www\hsyiilnm\framework\web\CController.php(308): CInlineAction->runWithParams()
#2 D:\wamp64\wamp64\www\hsyiilnm\framework\web\CController.php(286): WxUserController->runAction()
#3 D:\wamp64\wamp64\www\hsyiilnm\framework\web\CController.php(265): WxUserController->runActionWithFilters()
#4 D:\wamp64\wamp64\www\hsyiilnm\framework\web\CWebApplication.php(282): WxUserController->run()
#5 D:\wamp64\wamp64\www\hsyiilnm\framework\web\CWebApplication.php(141): CWebApplication->runController()
#6 D:\wamp64\wamp64\www\hsyiilnm\framework\base\CApplication.php(185): CWebApplication->processRequest()
#7 D:\wamp64\wamp64\www\hsyiilnm\index.php(33): CWebApplication->run()
REQUEST_URI=/hsyiilnm/index.php?r=WxUser/GetQuestionDetail
